<?xml version="1.0" encoding="UTF-8"?>
<!-- Generated by org.testng.reporters.JUnitXMLReporter -->
<testsuite hostname="Me" ignored="1" name="Default test" tests="1" failures="0" timestamp="19 Mar 2019 15:36:05 GMT" time="0.037" errors="0">
  <testcase name="CanLogin" time="0.0" classname="TestCases.LoginTest">
    <skipped/>
  </testcase> <!-- CanLogin -->
  <testcase name="@BeforeSuite setup" time="0.0" classname="TestCases.BaseClass">
    <ignored/>
  </testcase> <!-- @BeforeSuite setup -->
</testsuite> <!-- Default test -->
